# JRE version: OpenJDK Runtime Environment (11.0.10) (build 11.0.10+0-b96-7249189)
# Java VM: OpenJDK 64-Bit Server VM (11.0.10+0-b96-7249189, mixed mode, tiered, compressed oops, g1 gc, windows-amd64)
Heap:
 garbage-first heap   total 262144K, used 106597K [0x00000000e0000000, 0x0000000100000000)
  region size 1024K, 80 young (81920K), 2 survivors (2048K)
 Metaspace       used 32236K, capacity 33134K, committed 33408K, reserved 282624K
  class space    used 4306K, capacity 4609K, committed 4736K, reserved 253952K
GC Heap History (6 events):
Event: 1.495 GC heap before
{Heap before GC invocations=0 (full 0):
 garbage-first heap   total 262144K, used 29696K [0x00000000e0000000, 0x0000000100000000)
  region size 1024K, 24 young (24576K), 0 survivors (0K)
 Metaspace       used 10449K, capacity 10663K, committed 10880K, reserved 264192K
  class space    used 1086K, capacity 1129K, committed 1152K, reserved 253952K
}
Event: 1.503 GC heap after
{Heap after GC invocations=1 (full 0):
 garbage-first heap   total 262144K, used 8744K [0x00000000e0000000, 0x0000000100000000)
  region size 1024K, 3 young (3072K), 3 survivors (3072K)
 Metaspace       used 10449K, capacity 10663K, committed 10880K, reserved 264192K
  class space    used 1086K, capacity 1129K, committed 1152K, reserved 253952K
}
Event: 3.645 GC heap before
{Heap before GC invocations=1 (full 0):
 garbage-first heap   total 262144K, used 96808K [0x00000000e0000000, 0x0000000100000000)
  region size 1024K, 91 young (93184K), 3 survivors (3072K)
 Metaspace       used 20666K, capacity 21179K, committed 21296K, reserved 274432K
  class space    used 2519K, capacity 2664K, committed 2688K, reserved 253952K
}
Event: 3.654 GC heap after
{Heap after GC invocations=2 (full 0):
 garbage-first heap   total 262144K, used 16205K [0x00000000e0000000, 0x0000000100000000)
  region size 1024K, 11 young (11264K), 11 survivors (11264K)
 Metaspace       used 20666K, capacity 21179K, committed 21296K, reserved 274432K
  class space    used 2519K, capacity 2664K, committed 2688K, reserved 253952K
}
Event: 4.156 GC heap before
{Heap before GC invocations=3 (full 0):
 garbage-first heap   total 262144K, used 45901K [0x00000000e0000000, 0x0000000100000000)
  region size 1024K, 40 young (40960K), 11 survivors (11264K)
 Metaspace       used 23803K, capacity 24404K, committed 24576K, reserved 276480K
  class space    used 3029K, capacity 3232K, committed 3328K, reserved 253952K
}
Event: 4.163 GC heap after
{Heap after GC invocations=4 (full 0):
 garbage-first heap   total 262144K, used 17509K [0x00000000e0000000, 0x0000000100000000)
  region size 1024K, 2 young (2048K), 2 survivors (2048K)
 Metaspace       used 23803K, capacity 24404K, committed 24576K, reserved 276480K
  class space    used 3029K, capacity 3232K, committed 3328K, reserved 253952K
}

